# JRE version: OpenJDK Runtime Environment Temurin-17.0.3+7 (17.0.3+7) (build 17.0.3+7)
# Java VM: OpenJDK 64-Bit Server VM Temurin-17.0.3+7 (17.0.3+7, mixed mode, emulated-client, tiered, compressed oops, compressed class ptrs, g1 gc, windows-amd64)
GC Precious Log:
 CPUs: 8 total, 8 available
 Memory: 8067M
 Large Page Support: Disabled
 NUMA Support: Disabled
 Compressed Oops: Enabled (32-bit)
 Heap Region Size: 1M
 Heap Min Capacity: 8M
 Heap Initial Capacity: 128M
 Heap Max Capacity: 2018M
 Pre-touch: Disabled
 Parallel Workers: 8
 Concurrent Workers: 2
 Concurrent Refinement Workers: 8
 Periodic GC: Disabled
Heap:
 garbage-first heap   total 77824K, used 30990K [0x0000000081e00000, 0x0000000100000000)
  region size 1024K, 1 young (1024K), 1 survivors (1024K)
 Metaspace       used 69310K, committed 69760K, reserved 1114112K
  class space    used 9533K, committed 9728K, reserved 1048576K
GC Heap History (20 events):
Event: 13.123 GC heap after
{Heap after GC invocations=24 (full 0):
 garbage-first heap   total 64512K, used 31180K [0x0000000081e00000, 0x0000000100000000)
  region size 1024K, 2 young (2048K), 2 survivors (2048K)
 Metaspace       used 69112K, committed 69568K, reserved 1114112K
  class space    used 9497K, committed 9664K, reserved 1048576K
}
Event: 13.599 GC heap before
{Heap before GC invocations=24 (full 0):
 garbage-first heap   total 64512K, used 50636K [0x0000000081e00000, 0x0000000100000000)
  region size 1024K, 21 young (21504K), 2 survivors (2048K)
 Metaspace       used 69319K, committed 69760K, reserved 1114112K
  class space    used 9532K, committed 9728K, reserved 1048576K
}
Event: 13.602 GC heap after
{Heap after GC invocations=25 (full 0):
 garbage-first heap   total 64512K, used 30991K [0x0000000081e00000, 0x0000000100000000)
  region size 1024K, 1 young (1024K), 1 survivors (1024K)
 Metaspace       used 69319K, committed 69760K, reserved 1114112K
  class space    used 9532K, committed 9728K, reserved 1048576K
}
Event: 13.992 GC heap before
{Heap before GC invocations=26 (full 0):
 garbage-first heap   total 64512K, used 52495K [0x0000000081e00000, 0x0000000100000000)
  region size 1024K, 22 young (22528K), 1 survivors (1024K)
 Metaspace       used 69307K, committed 69760K, reserved 1114112K
  class space    used 9531K, committed 9728K, reserved 1048576K
}
Event: 13.995 GC heap after
{Heap after GC invocations=27 (full 0):
 garbage-first heap   total 64512K, used 30974K [0x0000000081e00000, 0x0000000100000000)
  region size 1024K, 1 young (1024K), 1 survivors (1024K)
 Metaspace       used 69307K, committed 69760K, reserved 1114112K
  class space    used 9531K, committed 9728K, reserved 1048576K
}
Event: 14.305 GC heap before
{Heap before GC invocations=27 (full 0):
 garbage-first heap   total 64512K, used 51454K [0x0000000081e00000, 0x0000000100000000)
  region size 1024K, 22 young (22528K), 1 survivors (1024K)
 Metaspace       used 69308K, committed 69760K, reserved 1114112K
  class space    used 9531K, committed 9728K, reserved 1048576K
}
Event: 14.309 GC heap after
{Heap after GC invocations=28 (full 0):
 garbage-first heap   total 64512K, used 30991K [0x0000000081e00000, 0x0000000100000000)
  region size 1024K, 1 young (1024K), 1 survivors (1024K)
 Metaspace       used 69308K, committed 69760K, reserved 1114112K
  class space    used 9531K, committed 9728K, reserved 1048576K
}
Event: 14.605 GC heap before
{Heap before GC invocations=29 (full 0):
 garbage-first heap   total 64512K, used 52495K [0x0000000081e00000, 0x0000000100000000)
  region size 1024K, 23 young (23552K), 1 survivors (1024K)
 Metaspace       used 69309K, committed 69760K, reserved 1114112K
  class space    used 9533K, committed 9728K, reserved 1048576K
}
Event: 14.609 GC heap after
{Heap after GC invocations=30 (full 0):
 garbage-first heap   total 64512K, used 30966K [0x0000000081e00000, 0x0000000100000000)
  region size 1024K, 1 young (1024K), 1 survivors (1024K)
 Metaspace       used 69309K, committed 69760K, reserved 1114112K
  class space    used 9533K, committed 9728K, reserved 1048576K
}
Event: 14.885 GC heap before
{Heap before GC invocations=30 (full 0):
 garbage-first heap   total 64512K, used 52470K [0x0000000081e00000, 0x0000000100000000)
  region size 1024K, 23 young (23552K), 1 survivors (1024K)
 Metaspace       used 69309K, committed 69760K, reserved 1114112K
  class space    used 9533K, committed 9728K, reserved 1048576K
}
Event: 14.890 GC heap after
{Heap after GC invocations=31 (full 0):
 garbage-first heap   total 77824K, used 30947K [0x0000000081e00000, 0x0000000100000000)
  region size 1024K, 1 young (1024K), 1 survivors (1024K)
 Metaspace       used 69309K, committed 69760K, reserved 1114112K
  class space    used 9533K, committed 9728K, reserved 1048576K
}
Event: 15.242 GC heap before
{Heap before GC invocations=32 (full 0):
 garbage-first heap   total 77824K, used 65763K [0x0000000081e00000, 0x0000000100000000)
  region size 1024K, 35 young (35840K), 1 survivors (1024K)
 Metaspace       used 69309K, committed 69760K, reserved 1114112K
  class space    used 9533K, committed 9728K, reserved 1048576K
}
Event: 15.246 GC heap after
{Heap after GC invocations=33 (full 0):
 garbage-first heap   total 77824K, used 30981K [0x0000000081e00000, 0x0000000100000000)
  region size 1024K, 1 young (1024K), 1 survivors (1024K)
 Metaspace       used 69309K, committed 69760K, reserved 1114112K
  class space    used 9533K, committed 9728K, reserved 1048576K
}
Event: 15.557 GC heap before
{Heap before GC invocations=33 (full 0):
 garbage-first heap   total 77824K, used 65797K [0x0000000081e00000, 0x0000000100000000)
  region size 1024K, 36 young (36864K), 1 survivors (1024K)
 Metaspace       used 69310K, committed 69760K, reserved 1114112K
  class space    used 9533K, committed 9728K, reserved 1048576K
}
Event: 15.561 GC heap after
{Heap after GC invocations=34 (full 0):
 garbage-first heap   total 77824K, used 30991K [0x0000000081e00000, 0x0000000100000000)
  region size 1024K, 1 young (1024K), 1 survivors (1024K)
 Metaspace       used 69310K, committed 69760K, reserved 1114112K
  class space    used 9533K, committed 9728K, reserved 1048576K
}
Event: 15.871 GC heap before
{Heap before GC invocations=34 (full 0):
 garbage-first heap   total 77824K, used 65807K [0x0000000081e00000, 0x0000000100000000)
  region size 1024K, 36 young (36864K), 1 survivors (1024K)
 Metaspace       used 69310K, committed 69760K, reserved 1114112K
  class space    used 9533K, committed 9728K, reserved 1048576K
}
Event: 15.876 GC heap after
{Heap after GC invocations=35 (full 0):
 garbage-first heap   total 77824K, used 30937K [0x0000000081e00000, 0x0000000100000000)
  region size 1024K, 1 young (1024K), 1 survivors (1024K)
 Metaspace       used 69310K, committed 69760K, reserved 1114112K
  class space    used 9533K, committed 9728K, reserved 1048576K
}
Event: 16.271 GC heap before
{Heap before GC invocations=35 (full 0):
 garbage-first heap   total 77824K, used 66777K [0x0000000081e00000, 0x0000000100000000)
  region size 1024K, 36 young (36864K), 1 survivors (1024K)
 Metaspace       used 69310K, committed 69760K, reserved 1114112K
  class space    used 9533K, committed 9728K, reserved 1048576K
}
Event: 16.276 GC heap after
{Heap after GC invocations=36 (full 0):
 garbage-first heap   total 77824K, used 30991K [0x0000000081e00000, 0x0000000100000000)
  region size 1024K, 1 young (1024K), 1 survivors (1024K)
 Metaspace       used 69310K, committed 69760K, reserved 1114112K
  class space    used 9533K, committed 9728K, reserved 1048576K
}
Event: 16.621 GC heap before
{Heap before GC invocations=36 (full 0):
 garbage-first heap   total 77824K, used 67855K [0x0000000081e00000, 0x0000000100000000)
  region size 1024K, 37 young (37888K), 1 survivors (1024K)
 Metaspace       used 69310K, committed 69760K, reserved 1114112K
  class space    used 9533K, committed 9728K, reserved 1048576K
}

